- Pascal-FC for IBM PC compatibles - 
- GNU Compiler Version P5.2

G L Davies  &  A Burns, University of York

Compiler listing

    1     0 program prog;
    2     0 type TPath = channel of integer;
    3     0 var paths : array [1..2] of TPath;
    4     0 
    5     0 process type Ttornos (id:integer);
    6     0  var i: integer;
    7     0 
    8     0 begin
    9     0  for i:=1 to 20 do
   10     4  begin
   11     4   paths[id] ! 1;
   12     9  end;
   13    10 end;
   14    11 
   15    11 process contador;
   16    11 var count : integer;
   17    11  i,j,temp : integer;
   18    11 begin
   19    11  count :=0;
   20    14  for i:=1 to 20 do
   21    18  begin
   22    18   paths[1] ? temp;
   23    23   count := count + temp;
   24    28   paths[2] ? temp;
   25    33   count := count + temp;
   26    38  end;
   27    39  writeln('total admitidos: ', count);
   28    44 end;
   29    45 
   30    45 {MAIN}
   31    45 
   32    45 var torno : array[1..2] of Ttornos;
   33    45  i : integer;
   34    45 begin { PPal}
   35    45  cobegin
   36    46   for i:= 1 to 2 do
   37    50   begin
   38    50    torno[i](i);
   39    57   end;
   40    58   contador;
   41    62  coend;
   42    63 end.



Symbol table

    name       link      objekt       type         ref      nrm  lev  adr  aux

 45 _main        44     procedure   notyp           2      True    0   45    0
 46 any           0     variable    synch           0      True    1    5    0
 47 tpath        46     type id     channel         1     False    1    3    0
 48 paths        47     variable    array           1      True    1    5    0
 49 ttornos      48     type id     process         3      True    1    0    0
 50 id            0     variable    integer         0      True    2    5    0
 51 i            50     variable    integer         0      True    2    6    0
 52 contador     49     variable    process         4      True    1   11    0
 53 $            52     type id     process         4      True    1   11    0
 54 count         0     variable    integer         0      True    2    5    0
 55 i            54     variable    integer         0      True    2    6    0
 56 j            55     variable    integer         0      True    2    7    0
 57 temp         56     variable    integer         0      True    2    8    0
 58 torno        53     variable    array           2      True    1   12    0
 59 i            58     variable    integer         0      True    1   14    0

Generated P-code

    0     ldadr        2         6          ;8
    1     ldcon.i      0         1          ;9
    2     ldcon.i      0        20          ;9
    3     for1u.i      0        10          ;9
    4     ldadr        1         5          ;10
    5     ldval.i      2         5          ;11
    6     ixary.i      0         1          ;11
    7     ldcon.i      0         1          ;11
    8     chnwr.i      0         1          ;11
    9     for2u.i      0         4          ;11
   10     rproc        1         0          ;12
   11     ldadr        2         5          ;18
   12     ldcon.i      0         0          ;19
   13     store.i      0         0          ;19
   14     ldadr        2         6          ;19
   15     ldcon.i      0         1          ;20
   16     ldcon.i      0        20          ;20
   17     for1u.i      0        39          ;20
   18     ldadr        1         5          ;21
   19     ldcon.i      0         1          ;22
   20     ixary.i      0         1          ;22
   21     ldadr        2         8          ;22
   22     chnrd        0         1          ;22
   23     ldadr        2         5          ;22
   24     ldval.i      2         5          ;23
   25     ldval.i      2         8          ;23
   26     addop.i      0         0          ;23
   27     store.i      0         0          ;23
   28     ldadr        1         5          ;23
   29     ldcon.i      0         2          ;24
   30     ixary.i      0         1          ;24
   31     ldadr        2         8          ;24
   32     chnrd        0         1          ;24
   33     ldadr        2         5          ;24
   34     ldval.i      2         5          ;25
   35     ldval.i      2         8          ;25
   36     addop.i      0         0          ;25
   37     store.i      0         0          ;25
   38     for2u.i      0        18          ;25
   39     ldcon.i      0        17          ;27
   40     wrstr        0         0          ;27
   41     ldval.i      2         5          ;27
   42     wrval.i      0         0          ;27
   43     wrlin        0         0          ;27
   44     rproc        1         0          ;27
   45     cobeg        0         0          ;33
   46     ldadr        1        14          ;35
   47     ldcon.i      0         1          ;36
   48     ldcon.i      0         2          ;36
   49     for1u.i      0        58          ;36
   50     mkstk        1        49          ;37
   51     ldadr        1        12          ;37
   52     ldval.i      1        14          ;38
   53     ixary.i      0         2          ;38
   54     procv        0         0          ;38
   55     ldval.i      1        14          ;38
   56     calls        1         5          ;38
   57     for2u.i      0        50          ;38
   58     mkstk        1        53          ;39
   59     ldadr        1        11          ;39
   60     procv        0         0          ;39
   61     calls        1         4          ;39
   62     coend        0         0          ;40
   63     stopx        0         0          ;41
