- Pascal-FC for IBM PC compatibles - 
- GNU Compiler Version P5.2

G L Davies  &  A Burns, University of York

Compiler listing

    1     0 program prog;
    2     0 const numEnanitos = 7;
    3     0    numSillas = 4;
    4     0 type canal = channel of synchronous; 
    5     0    canales = array[0..numEnanitos] of canal;
    6     0 monitor casa;
    7     0  export comer,sentarse,levantarse,vuelta,ponerPlato;
    8     0  var sillas : integer;
    9     0   esperaSilla : condition;
   10     0   
   11     0  procedure sentarse(id:integer);
   12     0  begin
   13     0   if sillas = 0 then
   14     4    delay(esperaSilla);
   15     6   writeln('El enano cabron ',id, ' se ha sentado');
   16    13   sillas:=sillas-1;
   17    18   
   18    18  end;
   19    19  
   20    19  procedure comer(id:integer);
   21    19  begin
   22    19   writeln('El enano cabron ',id, 'esta comiendo...');
   23    26  end;
   24    27  
   25    27  procedure levantarse(id:integer);
   26    27  begin
   27    27   writeln('El enano cabron ',id, 'se ha levantado');
   28    34   sillas := sillas + 1;
   29    39   resume(esperaSilla);{despierto a un enanito}
   30    41  end;
   31    42  
   32    42  
   33    42  procedure ponerPlato;
   34    42  begin
   35    42   writeln('El plato esta servido');
   36    45  end;
   37    46  
   38    46  procedure vuelta;
   39    46  begin
   40    46   writeln('Blancanieves esta paseando');
   41    49  end;
   42    50  
   43    50 {CUERPO MONITOR}
   44    50 begin
   45    51 sillas:=numSillas;
   46    54 end;
   47    55 {FIN MONITOR}
   48    55 
   49    55 process type enano(id:integer;var ch : canal);
   50    55 begin
   51    55  repeat
   52    55   sleep(5);{el eneano esta trabajando}
   53    57   casa.sentarse(id);
   54    63   ch ! any;{le dice a blanca que se a sentado}
   55    66   ch ? any;{cuando le pone el plato en la mesa}
   56    69   casa.comer(id);
   57    75   sleep(random(5));{el enanito esta comiendo}
   58    78   casa.levantarse(id);
   59    84  forever;
   60    85 end;
   61    86 
   62    86 process blanca(var chs : canales);
   63    86  var cont : integer;
   64    86 begin
   65    86  repeat
   66    86   select
   67    86    for cont := 0 to numEnanitos replicate
   68    94      chs[cont] ? any;{le dice el enanito que se ha sentado}    
   69   104      casa.ponerPlato;{ponel el plato al enanito}
   70   109      chs[cont] ! any;{le dice al enano que a puesto el plato}
   71   114   else{si no recibe mensage se pira}
   72   118    casa.vuelta;
   73   123    sleep(5);{blanca esta paseando}
   74   125    
   75   125   end;
   76   125  forever;
   77   126 end;
   78   127 
   79   127 var chs : canales;
   80   127  enanitos : array[0..numEnanitos] of enano;
   81   127  i:integer;
   82   127 begin
   83   128  cobegin
   84   129   blanca(chs);
   85   134   for i:=0 to numEnanitos do
   86   138    enanitos[i](i,chs[i]);
   87   149  coend;
   88   150 
   89   150 end.



Symbol table

    name       link      objekt       type         ref      nrm  lev  adr  aux

 45 _main        44     procedure   notyp           2      True    0  127    0
 46 any           0     variable    synch           0      True    1    5    0
 47 numenanito   46     constant    integer         0     False    1    7    0
 48 numsillas    47     constant    integer         0     False    1    4    0
 49 canal        48     type id     channel         1     False    1    3    0
 50 canales      49     type id     array           1     False    1   24    0
 51 casa         50     variable    monvar          3      True    1    5   50
 52 sillas        0     variable    integer         0      True    1    7    0
 53 esperasill   52     variable    condition       0      True    1    8    0
 54 sentarse     53     monproc     notyp           4      True    2    0    0
 55 id            0     variable    integer         0      True    3    5    0
 56 comer        54     monproc     notyp           5      True    2   19    0
 57 id            0     variable    integer         0      True    3    5    0
 58 levantarse   56     monproc     notyp           6      True    2   27    0
 59 id            0     variable    integer         0      True    3    5    0
 60 ponerplato   58     monproc     notyp           7      True    2   42    0
 61 vuelta       60     monproc     notyp           8      True    2   46    0
 62 enano        51     type id     process         9      True    1   55    0
 63 id            0     variable    integer         0      True    2    5    0
 64 ch           63     variable    channel         1     False    2    6    0
 65 blanca       62     variable    process        10      True    1    9    0
 66 $            65     type id     process        10      True    1   86    0
 67 chs           0     variable    array           1     False    2    5    0
 68 cont         67     variable    integer         0      True    2    6    0
 69 chs          66     variable    array           1      True    1   10    0
 70 enanitos     69     variable    array           2      True    1   34    0
 71 i            70     variable    integer         0      True    1   42    0

Generated P-code

    0     ldval.i      1         7          ;13
    1     ldcon.i      0         0          ;13
    2     releq.i      0         0          ;13
    3     jmpiz        0         6          ;13
    4     ldadr        1         8          ;14
    5     delay        0         0          ;14
    6     ldcon.i      0        16          ;15
    7     wrstr        0         0          ;15
    8     ldval.i      3         5          ;15
    9     wrval.i      0         0          ;15
   10     ldcon.i      0        14          ;15
   11     wrstr        0        16          ;15
   12     wrlin        0         0          ;15
   13     ldadr        1         7          ;15
   14     ldval.i      1         7          ;16
   15     ldcon.i      0         1          ;16
   16     subop.i      0         0          ;16
   17     store.i      0         0          ;16
   18     rproc        0         0          ;16
   19     ldcon.i      0        16          ;22
   20     wrstr        0        30          ;22
   21     ldval.i      3         5          ;22
   22     wrval.i      0         0          ;22
   23     ldcon.i      0        16          ;22
   24     wrstr        0        46          ;22
   25     wrlin        0         0          ;22
   26     rproc        0         0          ;22
   27     ldcon.i      0        16          ;27
   28     wrstr        0        62          ;27
   29     ldval.i      3         5          ;27
   30     wrval.i      0         0          ;27
   31     ldcon.i      0        15          ;27
   32     wrstr        0        78          ;27
   33     wrlin        0         0          ;27
   34     ldadr        1         7          ;27
   35     ldval.i      1         7          ;28
   36     ldcon.i      0         1          ;28
   37     addop.i      0         0          ;28
   38     store.i      0         0          ;28
   39     ldadr        1         8          ;29
   40     resum        0         0          ;29
   41     rproc        0         0          ;29
   42     ldcon.i      0        21          ;35
   43     wrstr        0        93          ;35
   44     wrlin        0         0          ;35
   45     rproc        0         0          ;35
   46     ldcon.i      0        26          ;40
   47     wrstr        0       114          ;40
   48     wrlin        0         0          ;40
   49     rproc        0         0          ;40
   50     prsel        0         0          ;41
   51     ldadr        1         7          ;44
   52     ldcon.i      0         4          ;45
   53     store.i      0         0          ;45
   54     mretn        0         0          ;45
   55     ldcon.i      0         5          ;52
   56     sleep        0         0          ;52
   57     ldadr        1         5          ;53
   58     enmon        0         0          ;53
   59     mkstk        0        54          ;53
   60     ldval.i      2         5          ;53
   61     calls        0         5          ;53
   62     exmon        0         0          ;53
   63     ldval.adr    2         6          ;53
   64     ldadr        1         5          ;54
   65     chnwr        0         0          ;54
   66     ldval.adr    2         6          ;54
   67     ldadr        1         5          ;55
   68     chnrd        0         0          ;55
   69     ldadr        1         5          ;56
   70     enmon        0         0          ;56
   71     mkstk        0        56          ;56
   72     ldval.i      2         5          ;56
   73     calls        0         5          ;56
   74     exmon        0         0          ;56
   75     ldcon.i      0         5          ;57
   76     stfun.i      0        19          ;57
   77     sleep        0         0          ;57
   78     ldadr        1         5          ;58
   79     enmon        0         0          ;58
   80     mkstk        0        58          ;58
   81     ldval.i      2         5          ;58
   82     calls        0         5          ;58
   83     exmon        0         0          ;58
   84     jmpuc        0        55          ;58
   85     rproc        1         0          ;59
   86     sel1         0         0          ;65
   87     ldadr        2         6          ;66
   88     ldcon.i      0         0          ;67
   89     store.i      0         0          ;67
   90     ldval.i      2         6          ;67
   91     ldcon.i      0         7          ;67
   92     relle.i      0         0          ;67
   93     jmpiz        0       117          ;67
   94     ldval.adr    2         5          ;67
   95     ldval.i      2         6          ;68
   96     ixary.i      0         1          ;68
   97     ldadr        1         5          ;68
   98     sel1         3         2          ;68
   99     sel1         4         0          ;68
  100     sel1         5       103          ;68
  101     ldval.i      2         6          ;68
  102     jmpuc        0       115          ;68
  103     rep1c.i      2         6          ;68
  104     ldadr        1         5          ;69
  105     enmon        0         0          ;69
  106     mkstk        0        60          ;69
  107     calls        0         4          ;69
  108     exmon        0         0          ;69
  109     ldval.adr    2         5          ;69
  110     ldval.i      2         6          ;70
  111     ixary.i      0         1          ;70
  112     ldadr        1         5          ;70
  113     chnwr        0         0          ;70
  114     jmpuc        0       125          ;70
  115     ldadr        2         6          ;70
  116     rep2c.i      0        90          ;70
  117     sel0         0         2          ;70
  118     ldadr        1         5          ;72
  119     enmon        0         0          ;72
  120     mkstk        0        61          ;72
  121     calls        0         4          ;72
  122     exmon        0         0          ;72
  123     ldcon.i      0         5          ;73
  124     sleep        0         0          ;73
  125     jmpuc        0        86          ;75
  126     rproc        1         0          ;76
  127     mexec        0        51          ;81
  128     cobeg        0         0          ;81
  129     mkstk        1        66          ;83
  130     ldadr        1         9          ;83
  131     procv        0         0          ;83
  132     ldadr        1        10          ;84
  133     calls        1         5          ;84
  134     ldadr        1        42          ;84
  135     ldcon.i      0         0          ;85
  136     ldcon.i      0         7          ;85
  137     for1u.i      0       149          ;85
  138     mkstk        1        62          ;85
  139     ldadr        1        34          ;85
  140     ldval.i      1        42          ;86
  141     ixary.i      0         2          ;86
  142     procv        0         0          ;86
  143     ldval.i      1        42          ;86
  144     ldadr        1        10          ;86
  145     ldval.i      1        42          ;86
  146     ixary.i      0         1          ;86
  147     calls        1         6          ;86
  148     for2u.i      0       138          ;86
  149     coend        0         0          ;86
  150     stopx        0         0          ;87
