- Pascal-FC for IBM PC compatibles - 
- GNU Compiler Version P5.2

G L Davies  &  A Burns, University of York

Compiler listing

    1     0 program prog;
    2     0 monitor buffer;
    3     0  export producir, consumir;
    4     0  
    5     0  const max = 4;{tamaño maximo del buffer}
    6     0  
    7     0  var vacio,lleno : condition;
    8     0   indPro,indCon,cont : integer;
    9     0   almacen : array[0..max] of integer;
   10     0   
   11     0  procedure producir(elemento : integer);
   12     0  begin
   13     0   if(cont > max) then 
   14     4   begin
   15     4    delay(lleno);{duermo al productor, porque ya no puede producir mas, pues el almacen esta lleno}
   16     6   end;
   17     6   almacen[indPro]:= elemento;
   18    11   writeln('He producido el dato ',elemento);
   19    16   cont := cont + 1;
   20    21   indPro := (indPro + 1) mod (max + 1);
   21    30   resume(vacio);{libero a los consumidores que se han dormida cuando no habia elementos}
   22    32  end;
   23    33  
   24    33  procedure Consumir(var elemento : integer);
   25    33  begin
   26    33   if (cont = 0) then 
   27    37   begin
   28    37    delay(vacio);{como el buffer esta vacio duermo al proceso}
   29    39   end;
   30    39   cont := cont -1;
   31    44   elemento:=almacen[indCon];
   32    50   writeln('He consumido el dato ',elemento);
   33    55   indCon := (indCon + 1) mod (max + 1);
   34    64   resume(lleno);{como ya no esta lleno despierto a los procesos que se durmieron por ese motivo}
   35    66  end;
   36    67  
   37    67  
   38    67  
   39    67  
   40    67  
   41    67 {CUERPO MONITOR}
   42    67 begin
   43    68  cont := 0;
   44    71  indCon:=0;
   45    74  indPro:=0;
   46    77 end;
   47    78 {FIN MONITOR}
   48    78 
   49    78  process type productor;
   50    78  begin
   51    78   repeat
   52    78    buffer.producir(random(3));
   53    85   forever;
   54    86  end;
   55    87  
   56    87  process type consumidor;
   57    87   var dato: integer;
   58    87  begin
   59    87   repeat
   60    87    buffer.consumir(dato);
   61    93   forever;
   62    94  end;
   63    95 
   64    95 var p : productor;
   65    95  c1,c2 : consumidor;
   66    95 begin
   67    96 
   68    96  cobegin
   69    97   p;
   70   101   c1;
   71   105   c2;
   72   109  coend;
   73   110 end.



Symbol table

    name       link      objekt       type         ref      nrm  lev  adr  aux

 45 _main        44     procedure   notyp           2      True    0   95    0
 46 any           0     variable    synch           0      True    1    5    0
 47 buffer       46     variable    monvar          3      True    1    5   67
 48 max           0     constant    integer         0     False    2    4    0
 49 vacio        48     variable    condition       0      True    1    7    0
 50 lleno        49     variable    condition       0      True    1    8    0
 51 indpro       50     variable    integer         0      True    1    9    0
 52 indcon       51     variable    integer         0      True    1   10    0
 53 cont         52     variable    integer         0      True    1   11    0
 54 almacen      53     variable    array           1      True    1   12    0
 55 producir     54     monproc     notyp           4      True    2    0    0
 56 elemento      0     variable    integer         0      True    3    5    0
 57 consumir     55     monproc     notyp           5      True    2   33    0
 58 elemento      0     variable    integer         0     False    3    5    0
 59 productor    47     type id     process         6      True    1   78    0
 60 consumidor   59     type id     process         7      True    1   87    0
 61 dato          0     variable    integer         0      True    2    5    0
 62 p            60     variable    process         6      True    1   17    0
 63 c1           62     variable    process         7      True    1   18    0
 64 c2           63     variable    process         7      True    1   19    0

Generated P-code

    0     ldval.i      1        11          ;13
    1     ldcon.i      0         4          ;13
    2     relgt.i      0         0          ;13
    3     jmpiz        0         6          ;13
    4     ldadr        1         8          ;15
    5     delay        0         0          ;15
    6     ldadr        1        12          ;16
    7     ldval.i      1         9          ;17
    8     ixary.i      0         1          ;17
    9     ldval.i      3         5          ;17
   10     store.i      0         0          ;17
   11     ldcon.i      0        21          ;18
   12     wrstr        0         0          ;18
   13     ldval.i      3         5          ;18
   14     wrval.i      0         0          ;18
   15     wrlin        0         0          ;18
   16     ldadr        1        11          ;18
   17     ldval.i      1        11          ;19
   18     ldcon.i      0         1          ;19
   19     addop.i      0         0          ;19
   20     store.i      0         0          ;19
   21     ldadr        1         9          ;19
   22     ldval.i      1         9          ;20
   23     ldcon.i      0         1          ;20
   24     addop.i      0         0          ;20
   25     ldcon.i      0         4          ;20
   26     ldcon.i      0         1          ;20
   27     addop.i      0         0          ;20
   28     modop.i      0         0          ;20
   29     store.i      0         0          ;20
   30     ldadr        1         7          ;21
   31     resum        0         0          ;21
   32     rproc        0         0          ;21
   33     ldval.i      1        11          ;26
   34     ldcon.i      0         0          ;26
   35     releq.i      0         0          ;26
   36     jmpiz        0        39          ;26
   37     ldadr        1         7          ;28
   38     delay        0         0          ;28
   39     ldadr        1        11          ;29
   40     ldval.i      1        11          ;30
   41     ldcon.i      0         1          ;30
   42     subop.i      0         0          ;30
   43     store.i      0         0          ;30
   44     ldval.adr    3         5          ;30
   45     ldadr        1        12          ;31
   46     ldval.i      1        10          ;31
   47     ixary.i      0         1          ;31
   48     rpadr.i      0         0          ;31
   49     store.i      0         0          ;31
   50     ldcon.i      0        21          ;32
   51     wrstr        0        21          ;32
   52     ldind.i      3         5          ;32
   53     wrval.i      0         0          ;32
   54     wrlin        0         0          ;32
   55     ldadr        1        10          ;32
   56     ldval.i      1        10          ;33
   57     ldcon.i      0         1          ;33
   58     addop.i      0         0          ;33
   59     ldcon.i      0         4          ;33
   60     ldcon.i      0         1          ;33
   61     addop.i      0         0          ;33
   62     modop.i      0         0          ;33
   63     store.i      0         0          ;33
   64     ldadr        1         8          ;34
   65     resum        0         0          ;34
   66     rproc        0         0          ;34
   67     prsel        0         0          ;35
   68     ldadr        1        11          ;42
   69     ldcon.i      0         0          ;43
   70     store.i      0         0          ;43
   71     ldadr        1        10          ;43
   72     ldcon.i      0         0          ;44
   73     store.i      0         0          ;44
   74     ldadr        1         9          ;44
   75     ldcon.i      0         0          ;45
   76     store.i      0         0          ;45
   77     mretn        0         0          ;45
   78     ldadr        1         5          ;52
   79     enmon        0         0          ;52
   80     mkstk        0        55          ;52
   81     ldcon.i      0         3          ;52
   82     stfun.i      0        19          ;52
   83     calls        0         5          ;52
   84     exmon        0         0          ;52
   85     jmpuc        0        78          ;52
   86     rproc        1         0          ;53
   87     ldadr        1         5          ;60
   88     enmon        0         0          ;60
   89     mkstk        0        57          ;60
   90     ldadr        2         5          ;60
   91     calls        0         5          ;60
   92     exmon        0         0          ;60
   93     jmpuc        0        87          ;60
   94     rproc        1         0          ;61
   95     mexec        0        68          ;65
   96     cobeg        0         0          ;65
   97     mkstk        1        59          ;68
   98     ldadr        1        17          ;68
   99     procv        0         0          ;68
  100     calls        1         4          ;68
  101     mkstk        1        60          ;69
  102     ldadr        1        18          ;69
  103     procv        0         0          ;69
  104     calls        1         4          ;69
  105     mkstk        1        60          ;70
  106     ldadr        1        19          ;70
  107     procv        0         0          ;70
  108     calls        1         4          ;70
  109     coend        0         0          ;71
  110     stopx        0         0          ;72
