- Pascal-FC for IBM PC compatibles - 
- GNU Compiler Version P5.2

G L Davies  &  A Burns, University of York

Compiler listing

    1     0 program prog;
    2     0 
    3     0 const N = 3;
    4     0 var np : integer; 
    5     0  barrera,mutex,barrera2 : semaphore;
    6     0 
    7     0 process type Tproceso;
    8     0 begin
    9     0  write('A');
   10     2  write('B');
   11     4 end;
   12     5 
   13     5 process type TprocesoImprime(id:integer);
   14     5  var i : integer;
   15     5 begin
   16     5  write('A');
   17     7  signal(mutex);{protejo el incremento}
   18     9   np := np+1; 
   19    14  wait(mutex);
   20    16  if (np = N) then
   21    20  begin
   22    20   write('abro barrera');
   23    22   for i:=1 to N do
   24    26    signal(barrera);
   25    29  end;
   26    29  wait(barrera);
   27    31  write('B');
   28    33 end;
   29    34 
   30    34 process type TprocesoBarrera(id:integer);
   31    34  var i : integer;
   32    34 begin
   33    34  repeat
   34    34   write('A');
   35    36   wait(mutex);
   36    38    np := np+1; 
   37    43   if (np = N) then
   38    47   begin
   39    47    writeln(' Abro barrera 1');
   40    50    np:=0;
   41    53    for i:=1 to N do
   42    57    begin
   43    57     {writeln('valor semaforo: ',barrera);}
   44    57     signal(barrera);
   45    59    end;
   46    60   end;
   47    60   signal(mutex);
   48    62   wait(barrera);
   49    64   
   50    64   {--------------}
   51    64   write('B');
   52    66   wait(mutex);
   53    68   np := np+1; 
   54    73   if (np = N) then
   55    77   begin
   56    77    writeln(' Abro barrera 2');
   57    80    np:=0;
   58    83    for i:=1 to N do
   59    87    begin
   60    87     {writeln('valor semaforo: ',barrera);}
   61    87     signal(barrera2);
   62    89    end;
   63    90   end;
   64    90   signal(mutex);
   65    92   wait(barrera2);
   66    94  forever;
   67    95 end;
   68    96 
   69    96 
   70    96 (*MAIN*)
   71    96 var p :array[1..N] of TprocesoBarrera;
   72    96  i : integer;
   73    96 begin
   74    96  initial(barrera,0);
   75   100  initial(mutex,1);
   76   104  initial(barrera2,0);
   77   108  np := 0;
   78   111  
   79   111  cobegin
   80   112   for i:=1 to N do
   81   116   begin
   82   116    p[i](i);
   83   123   end;
   84   124  coend;
   85   125 end.



Symbol table

    name       link      objekt       type         ref      nrm  lev  adr  aux

 45 _main        44     procedure   notyp           2      True    0   96    0
 46 any           0     variable    synch           0      True    1    5    0
 47 n            46     constant    integer         0     False    1    3    0
 48 np           47     variable    integer         0      True    1    5    0
 49 barrera      48     variable    semaphore       0      True    1    6    0
 50 mutex        49     variable    semaphore       0      True    1    7    0
 51 barrera2     50     variable    semaphore       0      True    1    8    0
 52 tproceso     51     type id     process         3      True    1    0    0
 53 tprocesoim   52     type id     process         4      True    1    5    0
 54 id            0     variable    integer         0      True    2    5    0
 55 i            54     variable    integer         0      True    2    6    0
 56 tprocesoba   53     type id     process         5      True    1   34    0
 57 id            0     variable    integer         0      True    2    5    0
 58 i            57     variable    integer         0      True    2    6    0
 59 p            56     variable    array           1      True    1    9    0
 60 i            59     variable    integer         0      True    1   12    0

Generated P-code

    0     ldcon.c      0        65          ;9
    1     wrval.c      0         0          ;9
    2     ldcon.c      0        66          ;10
    3     wrval.c      0         0          ;10
    4     rproc        1         0          ;10
    5     ldcon.c      0        65          ;16
    6     wrval.c      0         0          ;16
    7     ldadr        1         7          ;17
    8     signl        0         0          ;17
    9     ldadr        1         5          ;17
   10     ldval.i      1         5          ;18
   11     ldcon.i      0         1          ;18
   12     addop.i      0         0          ;18
   13     store.i      0         0          ;18
   14     ldadr        1         7          ;19
   15     swait        0         0          ;19
   16     ldval.i      1         5          ;20
   17     ldcon.i      0         3          ;20
   18     releq.i      0         0          ;20
   19     jmpiz        0        29          ;20
   20     ldcon.i      0        12          ;22
   21     wrstr        0         0          ;22
   22     ldadr        2         6          ;22
   23     ldcon.i      0         1          ;23
   24     ldcon.i      0         3          ;23
   25     for1u.i      0        29          ;23
   26     ldadr        1         6          ;24
   27     signl        0         0          ;24
   28     for2u.i      0        26          ;24
   29     ldadr        1         6          ;26
   30     swait        0         0          ;26
   31     ldcon.c      0        66          ;27
   32     wrval.c      0         0          ;27
   33     rproc        1         0          ;27
   34     ldcon.c      0        65          ;34
   35     wrval.c      0         0          ;34
   36     ldadr        1         7          ;35
   37     swait        0         0          ;35
   38     ldadr        1         5          ;35
   39     ldval.i      1         5          ;36
   40     ldcon.i      0         1          ;36
   41     addop.i      0         0          ;36
   42     store.i      0         0          ;36
   43     ldval.i      1         5          ;37
   44     ldcon.i      0         3          ;37
   45     releq.i      0         0          ;37
   46     jmpiz        0        60          ;37
   47     ldcon.i      0        15          ;39
   48     wrstr        0        12          ;39
   49     wrlin        0         0          ;39
   50     ldadr        1         5          ;39
   51     ldcon.i      0         0          ;40
   52     store.i      0         0          ;40
   53     ldadr        2         6          ;40
   54     ldcon.i      0         1          ;41
   55     ldcon.i      0         3          ;41
   56     for1u.i      0        60          ;41
   57     ldadr        1         6          ;44
   58     signl        0         0          ;44
   59     for2u.i      0        57          ;44
   60     ldadr        1         7          ;47
   61     signl        0         0          ;47
   62     ldadr        1         6          ;48
   63     swait        0         0          ;48
   64     ldcon.c      0        66          ;51
   65     wrval.c      0         0          ;51
   66     ldadr        1         7          ;52
   67     swait        0         0          ;52
   68     ldadr        1         5          ;52
   69     ldval.i      1         5          ;53
   70     ldcon.i      0         1          ;53
   71     addop.i      0         0          ;53
   72     store.i      0         0          ;53
   73     ldval.i      1         5          ;54
   74     ldcon.i      0         3          ;54
   75     releq.i      0         0          ;54
   76     jmpiz        0        90          ;54
   77     ldcon.i      0        15          ;56
   78     wrstr        0        27          ;56
   79     wrlin        0         0          ;56
   80     ldadr        1         5          ;56
   81     ldcon.i      0         0          ;57
   82     store.i      0         0          ;57
   83     ldadr        2         6          ;57
   84     ldcon.i      0         1          ;58
   85     ldcon.i      0         3          ;58
   86     for1u.i      0        90          ;58
   87     ldadr        1         8          ;61
   88     signl        0         0          ;61
   89     for2u.i      0        87          ;61
   90     ldadr        1         7          ;64
   91     signl        0         0          ;64
   92     ldadr        1         8          ;65
   93     swait        0         0          ;65
   94     jmpuc        0        34          ;65
   95     rproc        1         0          ;66
   96     ldadr        1         6          ;74
   97     ldcon.i      0         0          ;74
   98     lobnd.i      0         0          ;74
   99     sinit        0         0          ;74
  100     ldadr        1         7          ;75
  101     ldcon.i      0         1          ;75
  102     lobnd.i      0         0          ;75
  103     sinit        0         0          ;75
  104     ldadr        1         8          ;76
  105     ldcon.i      0         0          ;76
  106     lobnd.i      0         0          ;76
  107     sinit        0         0          ;76
  108     ldadr        1         5          ;76
  109     ldcon.i      0         0          ;77
  110     store.i      0         0          ;77
  111     cobeg        0         0          ;77
  112     ldadr        1        12          ;79
  113     ldcon.i      0         1          ;80
  114     ldcon.i      0         3          ;80
  115     for1u.i      0       124          ;80
  116     mkstk        1        56          ;81
  117     ldadr        1         9          ;81
  118     ldval.i      1        12          ;82
  119     ixary.i      0         1          ;82
  120     procv        0         0          ;82
  121     ldval.i      1        12          ;82
  122     calls        1         5          ;82
  123     for2u.i      0       116          ;82
  124     coend        0         0          ;83
  125     stopx        0         0          ;84
